<?xml version="1.0" encoding="UTF-8"?>
<testsuite name="org.example.MainTest" tests="2" skipped="0" failures="0" errors="0" timestamp="2025-02-12T05:56:06" hostname="DESKTOP-35KSU9I" time="0.044">
  <properties/>
  <testcase name="testStatisticsComputation()" classname="org.example.MainTest" time="0.028"/>
  <testcase name="testFullStatisticsComputation()" classname="org.example.MainTest" time="0.014"/>
  <system-out><![CDATA[Statistics:
Integers: 4
Floating point numbers: 2
Strings: 2
Statistics:
Integers: 4
Min value: 6
Max value: 666
Sum: 953
Average: 238.25
Floating point numbers: 2
Min value: 2.66
Max value: 3.14
Sum: 5.800000000000001
Average: 2.9000000000000004
Strings: 2
Min string length: 3
Max string length: 4
]]></system-out>
  <system-err><![CDATA[]]></system-err>
</testsuite>
